<?xml version="1.0" encoding="UTF-8"?>
<!-- Generated by org.testng.reporters.JUnitXMLReporter -->
<testsuite ignored="0" hostname="USER-PC" failures="1" tests="6" name="HomePage" time="150.305" errors="0" timestamp="11 Dec 2018 13:30:57 GMT">
  <testcase classname="com.accenture.ESC.HomePageTest" name="contactTabValidation" time="1.36"/>
  <testcase classname="com.accenture.ESC.HomePageTest" name="coursesButtonScenario" time="18.529"/>
  <testcase classname="com.accenture.ESC.HomePageTest" name="headerVerification" time="0.31"/>
  <testcase classname="com.accenture.ESC.HomePageTest" name="homeButtonScenario" time="18.087"/>
  <testcase classname="com.accenture.ESC.HomePageTest" name="loginScenario" time="24.762">
    <failure type="java.lang.AssertionError" message="Wrong Credentials expected [https://sso.teachable.com/secure/9521/users/sign_in?flow_school_id=9521] but found [https://qaclickacademy.usefedora.com/gdpr/agree_updated_privacy_policy]">
      <![CDATA[java.lang.AssertionError: Wrong Credentials expected [https://sso.teachable.com/secure/9521/users/sign_in?flow_school_id=9521] but found [https://qaclickacademy.usefedora.com/gdpr/agree_updated_privacy_policy]
at com.accenture.ESC.HomePageTest.loginScenario(HomePageTest.java:59)
... Removed 30 stack frames]]>
    </failure>
  </testcase> <!-- loginScenario -->
  <testcase classname="com.accenture.ESC.HomePageTest" name="loginScenario" time="34.977"/>
</testsuite> <!-- HomePage -->
